<html>
<head>
<title>TestNG:  Test</title>
<link href="../testng.css" rel="stylesheet" type="text/css" />
<link href="../my-testng.css" rel="stylesheet" type="text/css" />

<style type="text/css">
.log { display: none;} 
.stack-trace { display: none;} 
</style>
<script type="text/javascript">
<!--
function flip(e) {
  current = e.style.display;
  if (current == 'block') {
    e.style.display = 'none';
    return 0;
  }
  else {
    e.style.display = 'block';
    return 1;
  }
}

function toggleBox(szDivId, elem, msg1, msg2)
{
  var res = -1;  if (document.getElementById) {
    res = flip(document.getElementById(szDivId));
  }
  else if (document.all) {
    // this is the way old msie versions work
    res = flip(document.all[szDivId]);
  }
  if(elem) {
    if(res == 0) elem.innerHTML = msg1; else elem.innerHTML = msg2;
  }

}

function toggleAllBoxes() {
  if (document.getElementsByTagName) {
    d = document.getElementsByTagName('div');
    for (i = 0; i < d.length; i++) {
      if (d[i].className == 'log') {
        flip(d[i]);
      }
    }
  }
}

// -->
</script>

</head>
<body>
<h2 align='center'>Test</h2><table border='1' align="center">
<tr>
<td>Tests passed/Failed/Skipped:</td><td>17/1/0</td>
</tr><tr>
<td>Started on:</td><td>Sat Jun 01 13:38:32 IST 2024</td>
</tr>
<tr><td>Total time:</td><td>0 seconds (795 ms)</td>
</tr><tr>
<td>Included groups:</td><td></td>
</tr><tr>
<td>Excluded groups:</td><td></td>
</tr>
</table><p/>
<small><i>(Hover the method name to see the test class name)</i></small><p/>
<table width='100%' border='1' class='invocation-failed'>
<tr><td colspan='4' align='center'><b>FAILED TESTS</b></td></tr>
<tr><td><b>Test method</b></td>
<td><b>Attribute(s)</b></td>
<td width="30%"><b>Exception</b></td>
<td width="10%"><b>Time (seconds)</b></td>
<td><b>Instance</b></td>
</tr>
<tr>
<td title='testngPackage.AppTest.additionTest()'><b>additionTest</b><br>Test class: testngPackage.AppTest<br>Parameters: 10.567, -123.0, -112.433</td>
<td><div><pre>java.lang.AssertionError: Addition Result is not as Expected expected [-112.43299999999999] but found [-112.433]
	at testngPackage.AppTest.additionTest(AppTest.java:30)
	at java.base/java.util.concurrent.Executors$RunnableAdapter.call(Executors.java:539)
	at java.base/java.util.concurrent.FutureTask.run(FutureTask.java:264)
	at java.base/java.util.concurrent.ThreadPoolExecutor.runWorker(ThreadPoolExecutor.java:1136)
	at java.base/java.util.concurrent.ThreadPoolExecutor$Worker.run(ThreadPoolExecutor.java:635)
	at java.base/java.lang.Thread.run(Thread.java:840)
... Removed 16 stack frames</pre></div><a href='#' onClick='toggleBox("stack-trace962614480", this, "Click to show all stack frames", "Click to hide stack frames")'>Click to show all stack frames</a>
<div class='stack-trace' id='stack-trace962614480'><pre>java.lang.AssertionError: Addition Result is not as Expected expected [-112.43299999999999] but found [-112.433]
	at org.testng.Assert.fail(Assert.java:111)
	at org.testng.Assert.failNotEquals(Assert.java:1578)
	at org.testng.Assert.assertEquals(Assert.java:728)
	at testngPackage.AppTest.additionTest(AppTest.java:30)
	at java.base/jdk.internal.reflect.NativeMethodAccessorImpl.invoke0(Native Method)
	at java.base/jdk.internal.reflect.NativeMethodAccessorImpl.invoke(NativeMethodAccessorImpl.java:77)
	at java.base/jdk.internal.reflect.DelegatingMethodAccessorImpl.invoke(DelegatingMethodAccessorImpl.java:43)
	at java.base/java.lang.reflect.Method.invoke(Method.java:568)
	at org.testng.internal.invokers.MethodInvocationHelper.invokeMethod(MethodInvocationHelper.java:141)
	at org.testng.internal.invokers.TestInvoker.invokeMethod(TestInvoker.java:686)
	at org.testng.internal.invokers.TestInvoker.invokeTestMethod(TestInvoker.java:230)
	at org.testng.internal.invokers.MethodRunner.runInSequence(MethodRunner.java:63)
	at org.testng.internal.invokers.TestInvoker$MethodInvocationAgent.invoke(TestInvoker.java:992)
	at org.testng.internal.invokers.TestInvoker.invokeTestMethods(TestInvoker.java:203)
	at org.testng.internal.invokers.TestMethodWorker.invokeTestMethods(TestMethodWorker.java:154)
	at org.testng.internal.invokers.TestMethodWorker.run(TestMethodWorker.java:134)
	at java.base/java.util.concurrent.Executors$RunnableAdapter.call(Executors.java:539)
	at java.base/java.util.concurrent.FutureTask.run(FutureTask.java:264)
	at org.testng.internal.thread.graph.TestNGFutureTask.run(TestNGFutureTask.java:22)
	at java.base/java.util.concurrent.ThreadPoolExecutor.runWorker(ThreadPoolExecutor.java:1136)
	at java.base/java.util.concurrent.ThreadPoolExecutor$Worker.run(ThreadPoolExecutor.java:635)
	at java.base/java.lang.Thread.run(Thread.java:840)
</pre></div></td>
<td>0</td>
<td>testngPackage.AppTest@1d7f7be7</td></tr>
</table><p>
<table width='100%' border='1' class='invocation-passed'>
<tr><td colspan='4' align='center'><b>PASSED TESTS</b></td></tr>
<tr><td><b>Test method</b></td>
<td><b>Attribute(s)</b></td>
<td width="30%"><b>Exception</b></td>
<td width="10%"><b>Time (seconds)</b></td>
<td><b>Instance</b></td>
</tr>
<tr>
<td title='testngPackage.AppTest.additionTest()'><b>additionTest</b><br>Test class: testngPackage.AppTest<br>Parameters: 10.0, 20.0, 30.0</td>
<td></td>
<td>0</td>
<td>testngPackage.AppTest@1d7f7be7</td></tr>
<tr>
<td title='testngPackage.AppTest.powerTest()'><b>powerTest</b><br>Test class: testngPackage.AppTest</td>
<td></td>
<td>0</td>
<td>testngPackage.AppTest@1d7f7be7</td></tr>
<tr>
<td title='testngPackage.AppTest.sinTest()'><b>sinTest</b><br>Test class: testngPackage.AppTest</td>
<td></td>
<td>0</td>
<td>testngPackage.AppTest@1d7f7be7</td></tr>
<tr>
<td title='testngPackage.AppTest.squareRootTest()'><b>squareRootTest</b><br>Test class: testngPackage.AppTest</td>
<td></td>
<td>0</td>
<td>testngPackage.AppTest@1d7f7be7</td></tr>
<tr>
<td title='testngPackage.AppTest.additionTest()'><b>additionTest</b><br>Test class: testngPackage.AppTest<br>Parameters: 345.0, 875.0, 1220.0</td>
<td></td>
<td>0</td>
<td>testngPackage.AppTest@1d7f7be7</td></tr>
<tr>
<td title='testngPackage.AppTest.additionTest()'><b>additionTest</b><br>Test class: testngPackage.AppTest<br>Parameters: -1234567.0, 456.0, -1234111.0</td>
<td></td>
<td>0</td>
<td>testngPackage.AppTest@1d7f7be7</td></tr>
<tr>
<td title='testngPackage.AppTest.isNegativeTest()'><b>isNegativeTest</b><br>Test class: testngPackage.AppTest</td>
<td></td>
<td>0</td>
<td>testngPackage.AppTest@1d7f7be7</td></tr>
<tr>
<td title='testngPackage.AppTest.divisionTest()'><b>divisionTest</b><br>Test class: testngPackage.AppTest<br>Parameters: 0.0, 0.0, 1.0</td>
<td></td>
<td>0</td>
<td>testngPackage.AppTest@1d7f7be7</td></tr>
<tr>
<td title='testngPackage.AppTest.additionTest()'><b>additionTest</b><br>Test class: testngPackage.AppTest<br>Parameters: 100.0, -500.0, -400.0</td>
<td></td>
<td>0</td>
<td>testngPackage.AppTest@1d7f7be7</td></tr>
<tr>
<td title='testngPackage.AppTest.additionTest()'><b>additionTest</b><br>Test class: testngPackage.AppTest<br>Parameters: -123.0, -99999.0, -100122.0</td>
<td></td>
<td>0</td>
<td>testngPackage.AppTest@1d7f7be7</td></tr>
<tr>
<td title='testngPackage.AppTest.isPositiveTest()'><b>isPositiveTest</b><br>Test class: testngPackage.AppTest</td>
<td></td>
<td>0</td>
<td>testngPackage.AppTest@1d7f7be7</td></tr>
<tr>
<td title='testngPackage.AppTest.divisionTest()'><b>divisionTest</b><br>Test class: testngPackage.AppTest<br>Parameters: 10.0, 0.0, Infinity</td>
<td></td>
<td>0</td>
<td>testngPackage.AppTest@1d7f7be7</td></tr>
<tr>
<td title='testngPackage.AppTest.subtractionTest()'><b>subtractionTest</b><br>Test class: testngPackage.AppTest</td>
<td></td>
<td>0</td>
<td>testngPackage.AppTest@1d7f7be7</td></tr>
<tr>
<td title='testngPackage.AppTest.divisionTest()'><b>divisionTest</b><br>Test class: testngPackage.AppTest<br>Parameters: -25.0, -5.0, 5.0</td>
<td></td>
<td>0</td>
<td>testngPackage.AppTest@1d7f7be7</td></tr>
<tr>
<td title='testngPackage.AppTest.tangetTest()'><b>tangetTest</b><br>Test class: testngPackage.AppTest</td>
<td></td>
<td>0</td>
<td>testngPackage.AppTest@1d7f7be7</td></tr>
<tr>
<td title='testngPackage.AppTest.divisionTest()'><b>divisionTest</b><br>Test class: testngPackage.AppTest<br>Parameters: 100.0, -10.0, -90.0</td>
<td></td>
<td>0</td>
<td>testngPackage.AppTest@1d7f7be7</td></tr>
<tr>
<td title='testngPackage.AppTest.cosTest()'><b>cosTest</b><br>Test class: testngPackage.AppTest</td>
<td></td>
<td>0</td>
<td>testngPackage.AppTest@1d7f7be7</td></tr>
</table><p>
</body>
</html>