<?xml version="1.0" encoding="UTF-8"?>
<!-- Generated by org.testng.reporters.JUnitXMLReporter -->
<testsuite ignored="0" hostname="EPINHYDW0EEC" failures="1" tests="18" name="Test" time="0.795" errors="0" timestamp="2024-06-01T13:38:32 IST">
  <testcase classname="testngPackage.AppTest" name="cosTest" time="0.015"/>
  <testcase classname="testngPackage.AppTest" name="divisionTest" time="0.001"/>
  <testcase classname="testngPackage.AppTest" name="additionTest" time="0.002"/>
  <testcase classname="testngPackage.AppTest" name="divisionTest" time="0.001"/>
  <testcase classname="testngPackage.AppTest" name="additionTest" time="0.001"/>
  <testcase classname="testngPackage.AppTest" name="divisionTest" time="0.002"/>
  <testcase classname="testngPackage.AppTest" name="additionTest" time="0.001"/>
  <testcase classname="testngPackage.AppTest" name="divisionTest" time="0.002"/>
  <testcase classname="testngPackage.AppTest" name="additionTest" time="0.002"/>
  <testcase classname="testngPackage.AppTest" name="isPositiveTest" time="0.001"/>
  <testcase classname="testngPackage.AppTest" name="additionTest" time="0.001"/>
  <testcase classname="testngPackage.AppTest" name="powerTest" time="0.002"/>
  <testcase classname="testngPackage.AppTest" name="additionTest" time="0.002">
    <failure type="java.lang.AssertionError" message="Addition Result is not as Expected expected [-112.43299999999999] but found [-112.433]">
      <![CDATA[java.lang.AssertionError: Addition Result is not as Expected expected [-112.43299999999999] but found [-112.433]
at testngPackage.AppTest.additionTest(AppTest.java:30)
at java.base/java.util.concurrent.Executors$RunnableAdapter.call(Executors.java:539)
at java.base/java.util.concurrent.FutureTask.run(FutureTask.java:264)
at java.base/java.util.concurrent.ThreadPoolExecutor.runWorker(ThreadPoolExecutor.java:1136)
at java.base/java.util.concurrent.ThreadPoolExecutor$Worker.run(ThreadPoolExecutor.java:635)
at java.base/java.lang.Thread.run(Thread.java:840)
... Removed 16 stack frames]]>
    </failure>
  </testcase> <!-- additionTest -->
  <testcase classname="testngPackage.AppTest" name="sinTest" time="0.001"/>
  <testcase classname="testngPackage.AppTest" name="squareRootTest" time="0.001"/>
  <testcase classname="testngPackage.AppTest" name="subtractionTest" time="0.001"/>
  <testcase classname="testngPackage.AppTest" name="tangetTest" time="0.001"/>
  <testcase classname="testngPackage.AppTest" name="isNegativeTest" time="0.001"/>
</testsuite> <!-- Test -->
